Build started 07/12/2014 12:39:06.
     1>Project "E:\Dropbox\Year 3\Programming for games\Coursework\Coursework2\Coursework2\Coursework2\Coursework2.vcxproj" on node 2 (Build target(s)).
     1>ClCompile:
         C:\Program Files (x86)\Microsoft Visual Studio 12.0\VC\bin\CL.exe /c /ZI /nologo /W3 /WX- /sdl /Od /Oy- /D _MBCS /Gm /EHsc /RTC1 /MDd /GS /fp:precise /Zc:wchar_t /Zc:forScope /Fo"Debug\\" /Fd"Debug\vc120.pdb" /Gd /TP /analyze- /errorReport:prompt Circle.cpp CollisionDetection.cpp Game.cpp Square.cpp
         Circle.cpp
         Generating Code...
         Compiling...
         Square.cpp
         Game.cpp
         CollisionDetection.cpp
         Generating Code...
       Link:
         C:\Program Files (x86)\Microsoft Visual Studio 12.0\VC\bin\link.exe /ERRORREPORT:PROMPT /OUT:"E:\Dropbox\Year 3\Programming for games\Coursework\Coursework2\Coursework2\Debug\Coursework2.exe" /INCREMENTAL /NOLOGO kernel32.lib user32.lib gdi32.lib winspool.lib comdlg32.lib advapi32.lib shell32.lib ole32.lib oleaut32.lib uuid.lib odbc32.lib odbccp32.lib /MANIFEST /MANIFESTUAC:"level='asInvoker' uiAccess='false'" /manifest:embed /DEBUG /PDB:"E:\Dropbox\Year 3\Programming for games\Coursework\Coursework2\Coursework2\Debug\Coursework2.pdb" /TLBID:1 /DYNAMICBASE /NXCOMPAT /IMPLIB:"E:\Dropbox\Year 3\Programming for games\Coursework\Coursework2\Coursework2\Debug\Coursework2.lib" /MACHINE:X86 Debug\Circle.obj
         Debug\CollisionDetection.obj
         Debug\Game.obj
         Debug\Shape.obj
         Debug\Square.obj
         Debug\Vector2.obj
         Coursework2.vcxproj -> E:\Dropbox\Year 3\Programming for games\Coursework\Coursework2\Coursework2\Debug\Coursework2.exe
     1>Done Building Project "E:\Dropbox\Year 3\Programming for games\Coursework\Coursework2\Coursework2\Coursework2\Coursework2.vcxproj" (Build target(s)).

Build succeeded.

Time Elapsed 00:00:01.31
